U:\rhoframework\Project\Debug\Kaniggels.exe
U:\RHOFRAMEWORK\PROJECT\DEBUG\KANIGGELS.PDB
U:\rhoframework\Project\Kaniggels\Debug\cl.command.1.tlog
U:\rhoframework\Project\Kaniggels\Debug\CL.read.1.tlog
U:\rhoframework\Project\Kaniggels\Debug\CL.write.1.tlog
U:\rhoframework\Project\Kaniggels\Debug\Kaniggels.exe.embed.manifest
U:\RHOFRAMEWORK\PROJECT\KANIGGELS\DEBUG\KANIGGELS.EXE.EMBED.MANIFEST.RES
U:\rhoframework\Project\Kaniggels\Debug\Kaniggels.exe.intermediate.manifest
U:\RHOFRAMEWORK\PROJECT\KANIGGELS\DEBUG\KANIGGELS.OBJ
U:\rhoframework\Project\Kaniggels\Debug\Kaniggels.write.1.tlog
U:\rhoframework\Project\Kaniggels\Debug\Kaniggels_manifest.rc
U:\rhoframework\Project\Kaniggels\Debug\link.command.1.tlog
U:\rhoframework\Project\Kaniggels\Debug\link.read.1.tlog
U:\rhoframework\Project\Kaniggels\Debug\link.write.1.tlog
U:\rhoframework\Project\Kaniggels\Debug\link-cvtres.read.1.tlog
U:\rhoframework\Project\Kaniggels\Debug\link-cvtres.write.1.tlog
U:\rhoframework\Project\Kaniggels\Debug\mt.command.1.tlog
U:\rhoframework\Project\Kaniggels\Debug\mt.read.1.tlog
U:\rhoframework\Project\Kaniggels\Debug\mt.write.1.tlog
U:\rhoframework\Project\Kaniggels\Debug\rc.command.1.tlog
U:\rhoframework\Project\Kaniggels\Debug\rc.read.1.tlog
U:\rhoframework\Project\Kaniggels\Debug\rc.write.1.tlog
U:\rhoframework\Project\Kaniggels\Debug\vc100.idb
U:\RHOFRAMEWORK\PROJECT\KANIGGELS\DEBUG\VC100.PDB
