C:\USERS\MARCEL\GIT\RHOFRAMEWORK\PROJECT\DEBUG\PAFSCHEMA.LIB
C:\Users\Marcel\git\rhoframework\Project\PAFSchema\Debug\cl.command.1.tlog
C:\Users\Marcel\git\rhoframework\Project\PAFSchema\Debug\CL.read.1.tlog
C:\Users\Marcel\git\rhoframework\Project\PAFSchema\Debug\CL.write.1.tlog
C:\Users\Marcel\git\rhoframework\Project\PAFSchema\Debug\lib.command.1.tlog
C:\Users\Marcel\git\rhoframework\Project\PAFSchema\Debug\Lib-link.read.1.tlog
C:\Users\Marcel\git\rhoframework\Project\PAFSchema\Debug\Lib-link.write.1.tlog
C:\USERS\MARCEL\GIT\RHOFRAMEWORK\PROJECT\PAFSCHEMA\DEBUG\PAFABSPIDINFO.OBJ
C:\USERS\MARCEL\GIT\RHOFRAMEWORK\PROJECT\PAFSCHEMA\DEBUG\PAFAODBASE.OBJ
C:\USERS\MARCEL\GIT\RHOFRAMEWORK\PROJECT\PAFSCHEMA\DEBUG\PAFAODCLUSTER.OBJ
C:\USERS\MARCEL\GIT\RHOFRAMEWORK\PROJECT\PAFSCHEMA\DEBUG\PAFAODTRACK.OBJ
C:\USERS\MARCEL\GIT\RHOFRAMEWORK\PROJECT\PAFSCHEMA\DEBUG\PAFBITBASE.OBJ
C:\USERS\MARCEL\GIT\RHOFRAMEWORK\PROJECT\PAFSCHEMA\DEBUG\PAFCHARGEDAODBASE.OBJ
C:\USERS\MARCEL\GIT\RHOFRAMEWORK\PROJECT\PAFSCHEMA\DEBUG\PAFCOMPAODBASE.OBJ
C:\USERS\MARCEL\GIT\RHOFRAMEWORK\PROJECT\PAFSCHEMA\DEBUG\PAFEVENTBASE.OBJ
C:\USERS\MARCEL\GIT\RHOFRAMEWORK\PROJECT\PAFSCHEMA\DEBUG\PAFLISTBASE.OBJ
C:\USERS\MARCEL\GIT\RHOFRAMEWORK\PROJECT\PAFSCHEMA\DEBUG\PAFMCASSOCBASE.OBJ
C:\USERS\MARCEL\GIT\RHOFRAMEWORK\PROJECT\PAFSCHEMA\DEBUG\PAFMCBASE.OBJ
C:\USERS\MARCEL\GIT\RHOFRAMEWORK\PROJECT\PAFSCHEMA\DEBUG\PAFMCTRUTH.OBJ
C:\USERS\MARCEL\GIT\RHOFRAMEWORK\PROJECT\PAFSCHEMA\DEBUG\PAFMICROCANDIDATE.OBJ
C:\USERS\MARCEL\GIT\RHOFRAMEWORK\PROJECT\PAFSCHEMA\DEBUG\PAFNEUTRALAODBASE.OBJ
C:\USERS\MARCEL\GIT\RHOFRAMEWORK\PROJECT\PAFSCHEMA\DEBUG\PAFREADER.OBJ
C:\Users\Marcel\git\rhoframework\Project\PAFSchema\Debug\PAFSchema.write.1.tlog
C:\USERS\MARCEL\GIT\RHOFRAMEWORK\PROJECT\PAFSCHEMA\DEBUG\PAFSCHEMACINT.OBJ
C:\USERS\MARCEL\GIT\RHOFRAMEWORK\PROJECT\PAFSCHEMA\DEBUG\PAFSTREAM.OBJ
C:\USERS\MARCEL\GIT\RHOFRAMEWORK\PROJECT\PAFSCHEMA\DEBUG\PAFTAGBASE.OBJ
C:\USERS\MARCEL\GIT\RHOFRAMEWORK\PROJECT\PAFSCHEMA\DEBUG\PAFWRITER.OBJ
C:\Users\Marcel\git\rhoframework\Project\PAFSchema\Debug\vc100.idb
C:\USERS\MARCEL\GIT\RHOFRAMEWORK\PROJECT\PAFSCHEMA\DEBUG\VC100.PDB
