C:\USERS\MARCEL\GIT\RHOFRAMEWORK\PROJECT\DEBUG\RHOBASE.LIB
C:\Users\Marcel\git\rhoframework\Project\RhoBase\Debug\cl.command.1.tlog
C:\Users\Marcel\git\rhoframework\Project\RhoBase\Debug\CL.read.1.tlog
C:\Users\Marcel\git\rhoframework\Project\RhoBase\Debug\CL.write.1.tlog
C:\Users\Marcel\git\rhoframework\Project\RhoBase\Debug\lib.command.1.tlog
C:\Users\Marcel\git\rhoframework\Project\RhoBase\Debug\Lib-link.read.1.tlog
C:\Users\Marcel\git\rhoframework\Project\RhoBase\Debug\Lib-link.write.1.tlog
C:\Users\Marcel\git\rhoframework\Project\RhoBase\Debug\RhoBase.write.1.tlog
C:\USERS\MARCEL\GIT\RHOFRAMEWORK\PROJECT\RHOBASE\DEBUG\RHOBASECINT.OBJ
C:\USERS\MARCEL\GIT\RHOFRAMEWORK\PROJECT\RHOBASE\DEBUG\TCANDIDATE.OBJ
C:\USERS\MARCEL\GIT\RHOFRAMEWORK\PROJECT\RHOBASE\DEBUG\TCANDLIST.OBJ
C:\USERS\MARCEL\GIT\RHOFRAMEWORK\PROJECT\RHOBASE\DEBUG\TCANDLISTITERATOR.OBJ
C:\USERS\MARCEL\GIT\RHOFRAMEWORK\PROJECT\RHOBASE\DEBUG\TCONSTRAINT.OBJ
C:\USERS\MARCEL\GIT\RHOFRAMEWORK\PROJECT\RHOBASE\DEBUG\TEVENTINFO.OBJ
C:\USERS\MARCEL\GIT\RHOFRAMEWORK\PROJECT\RHOBASE\DEBUG\TFACTORY.OBJ
C:\USERS\MARCEL\GIT\RHOFRAMEWORK\PROJECT\RHOBASE\DEBUG\TFITPARAMS.OBJ
C:\USERS\MARCEL\GIT\RHOFRAMEWORK\PROJECT\RHOBASE\DEBUG\TPARM.OBJ
C:\USERS\MARCEL\GIT\RHOFRAMEWORK\PROJECT\RHOBASE\DEBUG\TPDT.OBJ
C:\USERS\MARCEL\GIT\RHOFRAMEWORK\PROJECT\RHOBASE\DEBUG\TRHO.OBJ
C:\USERS\MARCEL\GIT\RHOFRAMEWORK\PROJECT\RHOBASE\DEBUG\TSIMPLEVERTEX.OBJ
C:\USERS\MARCEL\GIT\RHOFRAMEWORK\PROJECT\RHOBASE\DEBUG\TSMARTPOINTER.OBJ
C:\USERS\MARCEL\GIT\RHOFRAMEWORK\PROJECT\RHOBASE\DEBUG\VABSBIT.OBJ
C:\USERS\MARCEL\GIT\RHOFRAMEWORK\PROJECT\RHOBASE\DEBUG\VABSCOLLECTION.OBJ
C:\USERS\MARCEL\GIT\RHOFRAMEWORK\PROJECT\RHOBASE\DEBUG\VABSMICROCANDIDATE.OBJ
C:\USERS\MARCEL\GIT\RHOFRAMEWORK\PROJECT\RHOBASE\DEBUG\VABSPIDINFO.OBJ
C:\USERS\MARCEL\GIT\RHOFRAMEWORK\PROJECT\RHOBASE\DEBUG\VABSPIDSELECTOR.OBJ
C:\USERS\MARCEL\GIT\RHOFRAMEWORK\PROJECT\RHOBASE\DEBUG\VABSREADER.OBJ
C:\USERS\MARCEL\GIT\RHOFRAMEWORK\PROJECT\RHOBASE\DEBUG\VABSTAG.OBJ
C:\USERS\MARCEL\GIT\RHOFRAMEWORK\PROJECT\RHOBASE\DEBUG\VABSTRUTH.OBJ
C:\USERS\MARCEL\GIT\RHOFRAMEWORK\PROJECT\RHOBASE\DEBUG\VABSVERTEX.OBJ
C:\USERS\MARCEL\GIT\RHOFRAMEWORK\PROJECT\RHOBASE\DEBUG\VABSVERTEXALGORITHM.OBJ
C:\USERS\MARCEL\GIT\RHOFRAMEWORK\PROJECT\RHOBASE\DEBUG\VABSVERTEXER.OBJ
C:\USERS\MARCEL\GIT\RHOFRAMEWORK\PROJECT\RHOBASE\DEBUG\VABSVERTEXSELECTOR.OBJ
C:\USERS\MARCEL\GIT\RHOFRAMEWORK\PROJECT\RHOBASE\DEBUG\VABSWRITER.OBJ
C:\Users\Marcel\git\rhoframework\Project\RhoBase\Debug\vc100.idb
C:\USERS\MARCEL\GIT\RHOFRAMEWORK\PROJECT\RHOBASE\DEBUG\VC100.PDB
