C:\USERS\ES3656\DOCUMENTS\VISUAL STUDIO 2010\PROJECTS\RHOFRAMEWORK\DEBUG\NETWORKTRAINER.EXE
C:\USERS\ES3656\DOCUMENTS\VISUAL STUDIO 2010\PROJECTS\RHOFRAMEWORK\DEBUG\NETWORKTRAINER.PDB
C:\Users\es3656\Documents\Visual Studio 2010\Projects\Rhoframework\NetworkTrainer\Debug\cl.command.1.tlog
C:\Users\es3656\Documents\Visual Studio 2010\Projects\Rhoframework\NetworkTrainer\Debug\CL.read.1.tlog
C:\Users\es3656\Documents\Visual Studio 2010\Projects\Rhoframework\NetworkTrainer\Debug\CL.write.1.tlog
C:\Users\es3656\Documents\Visual Studio 2010\Projects\Rhoframework\NetworkTrainer\Debug\link.command.1.tlog
C:\Users\es3656\Documents\Visual Studio 2010\Projects\Rhoframework\NetworkTrainer\Debug\link.read.1.tlog
C:\Users\es3656\Documents\Visual Studio 2010\Projects\Rhoframework\NetworkTrainer\Debug\link.write.1.tlog
C:\Users\es3656\Documents\Visual Studio 2010\Projects\Rhoframework\NetworkTrainer\Debug\mt.command.1.tlog
C:\Users\es3656\Documents\Visual Studio 2010\Projects\Rhoframework\NetworkTrainer\Debug\mt.read.1.tlog
C:\Users\es3656\Documents\Visual Studio 2010\Projects\Rhoframework\NetworkTrainer\Debug\mt.write.1.tlog
C:\Users\es3656\Documents\Visual Studio 2010\Projects\Rhoframework\NetworkTrainer\Debug\NetworkTrainer.exe.embed.manifest
C:\USERS\ES3656\DOCUMENTS\VISUAL STUDIO 2010\PROJECTS\RHOFRAMEWORK\NETWORKTRAINER\DEBUG\NETWORKTRAINER.EXE.EMBED.MANIFEST.RES
C:\USERS\ES3656\DOCUMENTS\VISUAL STUDIO 2010\PROJECTS\RHOFRAMEWORK\NETWORKTRAINER\DEBUG\NETWORKTRAINER.EXE.INTERMEDIATE.MANIFEST
C:\USERS\ES3656\DOCUMENTS\VISUAL STUDIO 2010\PROJECTS\RHOFRAMEWORK\NETWORKTRAINER\DEBUG\NETWORKTRAINER.OBJ
C:\Users\es3656\Documents\Visual Studio 2010\Projects\Rhoframework\NetworkTrainer\Debug\NetworkTrainer.write.1.tlog
C:\Users\es3656\Documents\Visual Studio 2010\Projects\Rhoframework\NetworkTrainer\Debug\NetworkTrainer_manifest.rc
C:\Users\es3656\Documents\Visual Studio 2010\Projects\Rhoframework\NetworkTrainer\Debug\rc.command.1.tlog
C:\Users\es3656\Documents\Visual Studio 2010\Projects\Rhoframework\NetworkTrainer\Debug\rc.read.1.tlog
C:\Users\es3656\Documents\Visual Studio 2010\Projects\Rhoframework\NetworkTrainer\Debug\rc.write.1.tlog
C:\Users\es3656\Documents\Visual Studio 2010\Projects\Rhoframework\NetworkTrainer\Debug\vc100.idb
C:\USERS\ES3656\DOCUMENTS\VISUAL STUDIO 2010\PROJECTS\RHOFRAMEWORK\NETWORKTRAINER\DEBUG\VC100.PDB
