U:\rhoframework\Project\Debug\RhoGA.lib
U:\rhoframework\Project\RhoGA\Debug\cl.command.1.tlog
U:\rhoframework\Project\RhoGA\Debug\CL.read.1.tlog
U:\rhoframework\Project\RhoGA\Debug\CL.write.1.tlog
U:\RHOFRAMEWORK\PROJECT\RHOGA\DEBUG\GA1DARRAYGENOME.OBJ
U:\rhoframework\Project\RhoGA\Debug\GA1DBinStrGenome.obj
U:\RHOFRAMEWORK\PROJECT\RHOGA\DEBUG\GA2DARRAYGENOME.OBJ
U:\rhoframework\Project\RhoGA\Debug\GA2DBinStrGenome.obj
U:\RHOFRAMEWORK\PROJECT\RHOGA\DEBUG\GA3DARRAYGENOME.OBJ
U:\rhoframework\Project\RhoGA\Debug\GA3DBinStrGenome.obj
U:\RHOFRAMEWORK\PROJECT\RHOGA\DEBUG\GAALLELE.OBJ
U:\RHOFRAMEWORK\PROJECT\RHOGA\DEBUG\GABASEGA.OBJ
U:\RHOFRAMEWORK\PROJECT\RHOGA\DEBUG\GABIN2DECGENOME.OBJ
U:\rhoframework\Project\RhoGA\Debug\gabincvt.obj
U:\RHOFRAMEWORK\PROJECT\RHOGA\DEBUG\GABINSTR.OBJ
U:\RHOFRAMEWORK\PROJECT\RHOGA\DEBUG\GADCROWDINGGA.OBJ
U:\RHOFRAMEWORK\PROJECT\RHOGA\DEBUG\GADEMEGA.OBJ
U:\rhoframework\Project\RhoGA\Debug\gaerror.obj
U:\RHOFRAMEWORK\PROJECT\RHOGA\DEBUG\GAGENOME.OBJ
U:\RHOFRAMEWORK\PROJECT\RHOGA\DEBUG\GAINCGA.OBJ
U:\RHOFRAMEWORK\PROJECT\RHOGA\DEBUG\GALIST.OBJ
U:\RHOFRAMEWORK\PROJECT\RHOGA\DEBUG\GALISTBASE.OBJ
U:\RHOFRAMEWORK\PROJECT\RHOGA\DEBUG\GALISTGENOME.OBJ
U:\RHOFRAMEWORK\PROJECT\RHOGA\DEBUG\GAPARAMETER.OBJ
U:\RHOFRAMEWORK\PROJECT\RHOGA\DEBUG\GAPOPULATION.OBJ
U:\rhoframework\Project\RhoGA\Debug\garandom.obj
U:\rhoframework\Project\RhoGA\Debug\GARealGenome.obj
U:\RHOFRAMEWORK\PROJECT\RHOGA\DEBUG\GASCALING.OBJ
U:\RHOFRAMEWORK\PROJECT\RHOGA\DEBUG\GASELECTOR.OBJ
U:\RHOFRAMEWORK\PROJECT\RHOGA\DEBUG\GASIMPLEGA.OBJ
U:\RHOFRAMEWORK\PROJECT\RHOGA\DEBUG\GASSTATEGA.OBJ
U:\rhoframework\Project\RhoGA\Debug\GAStatistics.obj
U:\RHOFRAMEWORK\PROJECT\RHOGA\DEBUG\GASTRINGGENOME.OBJ
U:\RHOFRAMEWORK\PROJECT\RHOGA\DEBUG\GATREE.OBJ
U:\RHOFRAMEWORK\PROJECT\RHOGA\DEBUG\GATREEBASE.OBJ
U:\RHOFRAMEWORK\PROJECT\RHOGA\DEBUG\GATREEGENOME.OBJ
U:\rhoframework\Project\RhoGA\Debug\lib.command.1.tlog
U:\rhoframework\Project\RhoGA\Debug\Lib-link.read.1.tlog
U:\rhoframework\Project\RhoGA\Debug\Lib-link.write.1.tlog
U:\rhoframework\Project\RhoGA\Debug\RhoGA.vcxprojResolveAssemblyReference.cache
U:\rhoframework\Project\RhoGA\Debug\RhoGA.write.1.tlog
U:\rhoframework\Project\RhoGA\Debug\vc100.idb
U:\RHOFRAMEWORK\PROJECT\RHOGA\DEBUG\VC100.PDB
