C:\USERS\MARCEL\GIT\RHOFRAMEWORK\PROJECT\DEBUG\RHONNO.LIB
C:\Users\Marcel\git\rhoframework\Project\RhoNNO\Debug\cl.command.1.tlog
C:\Users\Marcel\git\rhoframework\Project\RhoNNO\Debug\CL.read.1.tlog
C:\Users\Marcel\git\rhoframework\Project\RhoNNO\Debug\CL.write.1.tlog
C:\Users\Marcel\git\rhoframework\Project\RhoNNO\Debug\lib.command.1.tlog
C:\Users\Marcel\git\rhoframework\Project\RhoNNO\Debug\Lib-link.read.1.tlog
C:\Users\Marcel\git\rhoframework\Project\RhoNNO\Debug\Lib-link.write.1.tlog
C:\Users\Marcel\git\rhoframework\Project\RhoNNO\Debug\RhoNNO.write.1.tlog
C:\USERS\MARCEL\GIT\RHOFRAMEWORK\PROJECT\RHONNO\DEBUG\RHONNOCINT.OBJ
C:\USERS\MARCEL\GIT\RHOFRAMEWORK\PROJECT\RHONNO\DEBUG\TDATASERVE.OBJ
C:\USERS\MARCEL\GIT\RHOFRAMEWORK\PROJECT\RHONNO\DEBUG\TFD.OBJ
C:\USERS\MARCEL\GIT\RHOFRAMEWORK\PROJECT\RHONNO\DEBUG\TGCS.OBJ
C:\USERS\MARCEL\GIT\RHOFRAMEWORK\PROJECT\RHONNO\DEBUG\TGNG.OBJ
C:\USERS\MARCEL\GIT\RHOFRAMEWORK\PROJECT\RHONNO\DEBUG\TLVQ.OBJ
C:\USERS\MARCEL\GIT\RHOFRAMEWORK\PROJECT\RHONNO\DEBUG\TMLP.OBJ
C:\USERS\MARCEL\GIT\RHOFRAMEWORK\PROJECT\RHONNO\DEBUG\TNEURALNETCELL.OBJ
C:\USERS\MARCEL\GIT\RHOFRAMEWORK\PROJECT\RHONNO\DEBUG\TNNK.OBJ
C:\USERS\MARCEL\GIT\RHOFRAMEWORK\PROJECT\RHONNO\DEBUG\TPERCEPTRON.OBJ
C:\USERS\MARCEL\GIT\RHOFRAMEWORK\PROJECT\RHONNO\DEBUG\TSGCS.OBJ
C:\USERS\MARCEL\GIT\RHOFRAMEWORK\PROJECT\RHONNO\DEBUG\TSGNG.OBJ
C:\USERS\MARCEL\GIT\RHOFRAMEWORK\PROJECT\RHONNO\DEBUG\TXMLP.OBJ
C:\Users\Marcel\git\rhoframework\Project\RhoNNO\Debug\vc100.idb
C:\USERS\MARCEL\GIT\RHOFRAMEWORK\PROJECT\RHONNO\DEBUG\VC100.PDB
C:\USERS\MARCEL\GIT\RHOFRAMEWORK\PROJECT\RHONNO\DEBUG\VNEURALNET.OBJ
C:\USERS\MARCEL\GIT\RHOFRAMEWORK\PROJECT\RHONNO\DEBUG\VNEURALNETPLOTTER.OBJ
C:\USERS\MARCEL\GIT\RHOFRAMEWORK\PROJECT\RHONNO\DEBUG\VSUPERVISEDNET.OBJ
C:\USERS\MARCEL\GIT\RHOFRAMEWORK\PROJECT\RHONNO\DEBUG\VUNSUPERVISEDNET.OBJ
