C:\USERS\MARCEL\GIT\RHOFRAMEWORK\PROJECT\DEBUG\RHOMATH.LIB
C:\Users\Marcel\git\rhoframework\Project\RhoMath\Debug\cl.command.1.tlog
C:\Users\Marcel\git\rhoframework\Project\RhoMath\Debug\CL.read.1.tlog
C:\Users\Marcel\git\rhoframework\Project\RhoMath\Debug\CL.write.1.tlog
C:\Users\Marcel\git\rhoframework\Project\RhoMath\Debug\lib.command.1.tlog
C:\Users\Marcel\git\rhoframework\Project\RhoMath\Debug\Lib-link.read.1.tlog
C:\Users\Marcel\git\rhoframework\Project\RhoMath\Debug\Lib-link.write.1.tlog
C:\Users\Marcel\git\rhoframework\Project\RhoMath\Debug\RhoMath.write.1.tlog
C:\USERS\MARCEL\GIT\RHOFRAMEWORK\PROJECT\RHOMATH\DEBUG\RHOMATHCINT.OBJ
C:\USERS\MARCEL\GIT\RHOFRAMEWORK\PROJECT\RHOMATH\DEBUG\TASYMGAUSSCONSISTENCY.OBJ
C:\USERS\MARCEL\GIT\RHOFRAMEWORK\PROJECT\RHOMATH\DEBUG\TCHISQCONSISTENCY.OBJ
C:\USERS\MARCEL\GIT\RHOFRAMEWORK\PROJECT\RHOMATH\DEBUG\TCONSISTENCY.OBJ
C:\USERS\MARCEL\GIT\RHOFRAMEWORK\PROJECT\RHOMATH\DEBUG\TCONSISTENCYSET.OBJ
C:\USERS\MARCEL\GIT\RHOFRAMEWORK\PROJECT\RHOMATH\DEBUG\TDOUBLEERR.OBJ
C:\USERS\MARCEL\GIT\RHOFRAMEWORK\PROJECT\RHOMATH\DEBUG\TERROR.OBJ
C:\USERS\MARCEL\GIT\RHOFRAMEWORK\PROJECT\RHOMATH\DEBUG\TGAUSSCONSISTENCY.OBJ
C:\USERS\MARCEL\GIT\RHOFRAMEWORK\PROJECT\RHOMATH\DEBUG\TLORENTZVECTORERR.OBJ
C:\USERS\MARCEL\GIT\RHOFRAMEWORK\PROJECT\RHOMATH\DEBUG\TNUMRECIPES.OBJ
C:\USERS\MARCEL\GIT\RHOFRAMEWORK\PROJECT\RHOMATH\DEBUG\TPOINTERR.OBJ
C:\USERS\MARCEL\GIT\RHOFRAMEWORK\PROJECT\RHOMATH\DEBUG\TPOISSONCONSISTENCY.OBJ
C:\USERS\MARCEL\GIT\RHOFRAMEWORK\PROJECT\RHOMATH\DEBUG\TPROBAB.OBJ
C:\USERS\MARCEL\GIT\RHOFRAMEWORK\PROJECT\RHOMATH\DEBUG\TVECTORERR.OBJ
C:\Users\Marcel\git\rhoframework\Project\RhoMath\Debug\vc100.idb
C:\USERS\MARCEL\GIT\RHOFRAMEWORK\PROJECT\RHOMATH\DEBUG\VC100.PDB
