C:\USERS\MARCEL\GIT\RHOFRAMEWORK\PROJECT\DEBUG\RHOMANAGER.LIB
C:\Users\Marcel\git\rhoframework\Project\RhoManager\Debug\cl.command.1.tlog
C:\Users\Marcel\git\rhoframework\Project\RhoManager\Debug\CL.read.1.tlog
C:\Users\Marcel\git\rhoframework\Project\RhoManager\Debug\CL.write.1.tlog
C:\Users\Marcel\git\rhoframework\Project\RhoManager\Debug\lib.command.1.tlog
C:\Users\Marcel\git\rhoframework\Project\RhoManager\Debug\Lib-link.read.1.tlog
C:\Users\Marcel\git\rhoframework\Project\RhoManager\Debug\Lib-link.write.1.tlog
C:\Users\Marcel\git\rhoframework\Project\RhoManager\Debug\RhoManager.write.1.tlog
C:\USERS\MARCEL\GIT\RHOFRAMEWORK\PROJECT\RHOMANAGER\DEBUG\RHOMANAGERCINT.OBJ
C:\USERS\MARCEL\GIT\RHOFRAMEWORK\PROJECT\RHOMANAGER\DEBUG\TANALYSIS.OBJ
C:\USERS\MARCEL\GIT\RHOFRAMEWORK\PROJECT\RHOMANAGER\DEBUG\TASSOCIATOR.OBJ
C:\USERS\MARCEL\GIT\RHOFRAMEWORK\PROJECT\RHOMANAGER\DEBUG\TCACHEMANAGER.OBJ
C:\USERS\MARCEL\GIT\RHOFRAMEWORK\PROJECT\RHOMANAGER\DEBUG\TCANDLISTMANAGER.OBJ
C:\USERS\MARCEL\GIT\RHOFRAMEWORK\PROJECT\RHOMANAGER\DEBUG\TDATABLOCK.OBJ
C:\USERS\MARCEL\GIT\RHOFRAMEWORK\PROJECT\RHOMANAGER\DEBUG\TDIRECTORYMANAGER.OBJ
C:\USERS\MARCEL\GIT\RHOFRAMEWORK\PROJECT\RHOMANAGER\DEBUG\TEVENTBLOCK.OBJ
C:\USERS\MARCEL\GIT\RHOFRAMEWORK\PROJECT\RHOMANAGER\DEBUG\TEVENTCOLLECTION.OBJ
C:\USERS\MARCEL\GIT\RHOFRAMEWORK\PROJECT\RHOMANAGER\DEBUG\TEVENTMANAGER.OBJ
C:\USERS\MARCEL\GIT\RHOFRAMEWORK\PROJECT\RHOMANAGER\DEBUG\TEVENTWRITER.OBJ
C:\USERS\MARCEL\GIT\RHOFRAMEWORK\PROJECT\RHOMANAGER\DEBUG\TFILEINFO.OBJ
C:\USERS\MARCEL\GIT\RHOFRAMEWORK\PROJECT\RHOMANAGER\DEBUG\TINDEXCOLLECTION.OBJ
C:\USERS\MARCEL\GIT\RHOFRAMEWORK\PROJECT\RHOMANAGER\DEBUG\TLOGINFO.OBJ
C:\USERS\MARCEL\GIT\RHOFRAMEWORK\PROJECT\RHOMANAGER\DEBUG\TLOGREADER.OBJ
C:\USERS\MARCEL\GIT\RHOFRAMEWORK\PROJECT\RHOMANAGER\DEBUG\TMODULE.OBJ
C:\USERS\MARCEL\GIT\RHOFRAMEWORK\PROJECT\RHOMANAGER\DEBUG\TOBJECTMANAGER.OBJ
C:\USERS\MARCEL\GIT\RHOFRAMEWORK\PROJECT\RHOMANAGER\DEBUG\TPARAMETERMANAGER.OBJ
C:\USERS\MARCEL\GIT\RHOFRAMEWORK\PROJECT\RHOMANAGER\DEBUG\TPERSISTENCEMANAGER.OBJ
C:\USERS\MARCEL\GIT\RHOFRAMEWORK\PROJECT\RHOMANAGER\DEBUG\TRUNCOLLECTION.OBJ
C:\USERS\MARCEL\GIT\RHOFRAMEWORK\PROJECT\RHOMANAGER\DEBUG\TRUNDB.OBJ
C:\USERS\MARCEL\GIT\RHOFRAMEWORK\PROJECT\RHOMANAGER\DEBUG\TRUNINFO.OBJ
C:\Users\Marcel\git\rhoframework\Project\RhoManager\Debug\vc100.idb
C:\USERS\MARCEL\GIT\RHOFRAMEWORK\PROJECT\RHOMANAGER\DEBUG\VC100.PDB
