C:\USERS\MARCEL\GIT\RHOFRAMEWORK\PROJECT\DEBUG\KANGASCHEMA.LIB
C:\USERS\MARCEL\GIT\RHOFRAMEWORK\PROJECT\KANGASCHEMA\DEBUG\BTAABSVERTEXR.OBJ
C:\USERS\MARCEL\GIT\RHOFRAMEWORK\PROJECT\KANGASCHEMA\DEBUG\BTACANDASSOCMAPR.OBJ
C:\USERS\MARCEL\GIT\RHOFRAMEWORK\PROJECT\KANGASCHEMA\DEBUG\BTACANDIDATER.OBJ
C:\USERS\MARCEL\GIT\RHOFRAMEWORK\PROJECT\KANGASCHEMA\DEBUG\BTACANDLISTR.OBJ
C:\USERS\MARCEL\GIT\RHOFRAMEWORK\PROJECT\KANGASCHEMA\DEBUG\BTACANDLISTR_001.OBJ
C:\USERS\MARCEL\GIT\RHOFRAMEWORK\PROJECT\KANGASCHEMA\DEBUG\BTACANDPTRR.OBJ
C:\USERS\MARCEL\GIT\RHOFRAMEWORK\PROJECT\KANGASCHEMA\DEBUG\BTACLONEDCANDR_000.OBJ
C:\USERS\MARCEL\GIT\RHOFRAMEWORK\PROJECT\KANGASCHEMA\DEBUG\BTACLONEDCOMPOSITECANDR_000.OBJ
C:\USERS\MARCEL\GIT\RHOFRAMEWORK\PROJECT\KANGASCHEMA\DEBUG\BTACOMPOSITECANDR_000.OBJ
C:\USERS\MARCEL\GIT\RHOFRAMEWORK\PROJECT\KANGASCHEMA\DEBUG\BTAFITPARAMSR.OBJ
C:\USERS\MARCEL\GIT\RHOFRAMEWORK\PROJECT\KANGASCHEMA\DEBUG\BTAFITPARAMSR_002.OBJ
C:\USERS\MARCEL\GIT\RHOFRAMEWORK\PROJECT\KANGASCHEMA\DEBUG\BTAMICROCANDIDATE.OBJ
C:\USERS\MARCEL\GIT\RHOFRAMEWORK\PROJECT\KANGASCHEMA\DEBUG\BTAMICROCANDR.OBJ
C:\USERS\MARCEL\GIT\RHOFRAMEWORK\PROJECT\KANGASCHEMA\DEBUG\BTAMICROCANDR_001.OBJ
C:\USERS\MARCEL\GIT\RHOFRAMEWORK\PROJECT\KANGASCHEMA\DEBUG\BTAMICROCANDR_002.OBJ
C:\USERS\MARCEL\GIT\RHOFRAMEWORK\PROJECT\KANGASCHEMA\DEBUG\BTAMICROCANDR_003.OBJ
C:\USERS\MARCEL\GIT\RHOFRAMEWORK\PROJECT\KANGASCHEMA\DEBUG\BTAMICROCANDR_004.OBJ
C:\USERS\MARCEL\GIT\RHOFRAMEWORK\PROJECT\KANGASCHEMA\DEBUG\BTAMICROCANDR_005.OBJ
C:\Users\Marcel\git\rhoframework\Project\KangaSchema\Debug\cl.command.1.tlog
C:\Users\Marcel\git\rhoframework\Project\KangaSchema\Debug\CL.read.1.tlog
C:\Users\Marcel\git\rhoframework\Project\KangaSchema\Debug\CL.write.1.tlog
C:\USERS\MARCEL\GIT\RHOFRAMEWORK\PROJECT\KANGASCHEMA\DEBUG\COMPACKBASE.OBJ
C:\USERS\MARCEL\GIT\RHOFRAMEWORK\PROJECT\KANGASCHEMA\DEBUG\COMPACKEXPFLOAT.OBJ
C:\USERS\MARCEL\GIT\RHOFRAMEWORK\PROJECT\KANGASCHEMA\DEBUG\COMPACKFLATFLOAT.OBJ
C:\USERS\MARCEL\GIT\RHOFRAMEWORK\PROJECT\KANGASCHEMA\DEBUG\COMPACKFLOAT.OBJ
C:\USERS\MARCEL\GIT\RHOFRAMEWORK\PROJECT\KANGASCHEMA\DEBUG\COMPACKNONFLATFLOAT.OBJ
C:\USERS\MARCEL\GIT\RHOFRAMEWORK\PROJECT\KANGASCHEMA\DEBUG\COMPACKUFLOAT.OBJ
C:\USERS\MARCEL\GIT\RHOFRAMEWORK\PROJECT\KANGASCHEMA\DEBUG\EIDINFOR.OBJ
C:\USERS\MARCEL\GIT\RHOFRAMEWORK\PROJECT\KANGASCHEMA\DEBUG\KANGA.OBJ
C:\USERS\MARCEL\GIT\RHOFRAMEWORK\PROJECT\KANGASCHEMA\DEBUG\KANGAREADER.OBJ
C:\Users\Marcel\git\rhoframework\Project\KangaSchema\Debug\KangaSchema.write.1.tlog
C:\USERS\MARCEL\GIT\RHOFRAMEWORK\PROJECT\KANGASCHEMA\DEBUG\KANGASCHEMACINT.OBJ
C:\Users\Marcel\git\rhoframework\Project\KangaSchema\Debug\lib.command.1.tlog
C:\Users\Marcel\git\rhoframework\Project\KangaSchema\Debug\Lib-link.read.1.tlog
C:\Users\Marcel\git\rhoframework\Project\KangaSchema\Debug\Lib-link.write.1.tlog
C:\USERS\MARCEL\GIT\RHOFRAMEWORK\PROJECT\KANGASCHEMA\DEBUG\ROOCLONESCLASSOBJ.OBJ
C:\USERS\MARCEL\GIT\RHOFRAMEWORK\PROJECT\KANGASCHEMA\DEBUG\ROOCLONESVECTORI.OBJ
C:\USERS\MARCEL\GIT\RHOFRAMEWORK\PROJECT\KANGASCHEMA\DEBUG\ROOCLONESVECTORR.OBJ
C:\USERS\MARCEL\GIT\RHOFRAMEWORK\PROJECT\KANGASCHEMA\DEBUG\ROOEVTOBJ.OBJ
C:\USERS\MARCEL\GIT\RHOFRAMEWORK\PROJECT\KANGASCHEMA\DEBUG\ROOPERSOBJ.OBJ
C:\USERS\MARCEL\GIT\RHOFRAMEWORK\PROJECT\KANGASCHEMA\DEBUG\ROOREF.OBJ
C:\USERS\MARCEL\GIT\RHOFRAMEWORK\PROJECT\KANGASCHEMA\DEBUG\ROOVALARRAY.OBJ
C:\USERS\MARCEL\GIT\RHOFRAMEWORK\PROJECT\KANGASCHEMA\DEBUG\STDHEPR.OBJ
C:\USERS\MARCEL\GIT\RHOFRAMEWORK\PROJECT\KANGASCHEMA\DEBUG\STDHEPTRKR.OBJ
C:\USERS\MARCEL\GIT\RHOFRAMEWORK\PROJECT\KANGASCHEMA\DEBUG\TBTACALQUALR.OBJ
C:\USERS\MARCEL\GIT\RHOFRAMEWORK\PROJECT\KANGASCHEMA\DEBUG\TBTAFITPARAMSR.OBJ
C:\USERS\MARCEL\GIT\RHOFRAMEWORK\PROJECT\KANGASCHEMA\DEBUG\TBTAFITPARAMSR_001.OBJ
C:\USERS\MARCEL\GIT\RHOFRAMEWORK\PROJECT\KANGASCHEMA\DEBUG\TBTAIFRQUALR.OBJ
C:\USERS\MARCEL\GIT\RHOFRAMEWORK\PROJECT\KANGASCHEMA\DEBUG\TBTAMICROCANDR.OBJ
C:\USERS\MARCEL\GIT\RHOFRAMEWORK\PROJECT\KANGASCHEMA\DEBUG\TBTAPIDINFOR.OBJ
C:\USERS\MARCEL\GIT\RHOFRAMEWORK\PROJECT\KANGASCHEMA\DEBUG\TBTAPIDQUALR.OBJ
C:\USERS\MARCEL\GIT\RHOFRAMEWORK\PROJECT\KANGASCHEMA\DEBUG\TBTATRKQUALR.OBJ
C:\Users\Marcel\git\rhoframework\Project\KangaSchema\Debug\vc100.idb
C:\USERS\MARCEL\GIT\RHOFRAMEWORK\PROJECT\KANGASCHEMA\DEBUG\VC100.PDB
C:\USERS\MARCEL\GIT\RHOFRAMEWORK\PROJECT\KANGASCHEMA\DEBUG\VTXVERTEXR.OBJ
