C:\USERS\MARCEL\GIT\RHOFRAMEWORK\PROJECT\DEBUG\RHOTOOLS.LIB
C:\Users\Marcel\git\rhoframework\Project\RhoTools\Debug\cl.command.1.tlog
C:\Users\Marcel\git\rhoframework\Project\RhoTools\Debug\CL.read.1.tlog
C:\Users\Marcel\git\rhoframework\Project\RhoTools\Debug\CL.write.1.tlog
C:\Users\Marcel\git\rhoframework\Project\RhoTools\Debug\lib.command.1.tlog
C:\Users\Marcel\git\rhoframework\Project\RhoTools\Debug\Lib-link.read.1.tlog
C:\Users\Marcel\git\rhoframework\Project\RhoTools\Debug\Lib-link.write.1.tlog
C:\Users\Marcel\git\rhoframework\Project\RhoTools\Debug\RhoTools.vcxprojResolveAssemblyReference.cache
C:\Users\Marcel\git\rhoframework\Project\RhoTools\Debug\RhoTools.write.1.tlog
C:\USERS\MARCEL\GIT\RHOFRAMEWORK\PROJECT\RHOTOOLS\DEBUG\RHOTOOLSCINT.OBJ
C:\USERS\MARCEL\GIT\RHOFRAMEWORK\PROJECT\RHOTOOLS\DEBUG\TADD4VERTEXER.OBJ
C:\USERS\MARCEL\GIT\RHOFRAMEWORK\PROJECT\RHOTOOLS\DEBUG\TBOOSTER.OBJ
C:\USERS\MARCEL\GIT\RHOFRAMEWORK\PROJECT\RHOTOOLS\DEBUG\TBVARIABLES.OBJ
C:\USERS\MARCEL\GIT\RHOFRAMEWORK\PROJECT\RHOTOOLS\DEBUG\TCANDLISTSORT.OBJ
C:\USERS\MARCEL\GIT\RHOFRAMEWORK\PROJECT\RHOTOOLS\DEBUG\TCANDPTR.OBJ
C:\USERS\MARCEL\GIT\RHOFRAMEWORK\PROJECT\RHOTOOLS\DEBUG\TCANDREADER.OBJ
C:\USERS\MARCEL\GIT\RHOFRAMEWORK\PROJECT\RHOTOOLS\DEBUG\TCONEMOMFLOW.OBJ
C:\USERS\MARCEL\GIT\RHOFRAMEWORK\PROJECT\RHOTOOLS\DEBUG\TCONES.OBJ
C:\USERS\MARCEL\GIT\RHOFRAMEWORK\PROJECT\RHOTOOLS\DEBUG\TDECAYMODE.OBJ
C:\USERS\MARCEL\GIT\RHOFRAMEWORK\PROJECT\RHOTOOLS\DEBUG\TDECAYTREE.OBJ
C:\USERS\MARCEL\GIT\RHOFRAMEWORK\PROJECT\RHOTOOLS\DEBUG\TDIAGVERTEX.OBJ
C:\USERS\MARCEL\GIT\RHOFRAMEWORK\PROJECT\RHOTOOLS\DEBUG\TDUMMYFITTER.OBJ
C:\USERS\MARCEL\GIT\RHOFRAMEWORK\PROJECT\RHOTOOLS\DEBUG\TEVENTSHAPE.OBJ
C:\USERS\MARCEL\GIT\RHOFRAMEWORK\PROJECT\RHOTOOLS\DEBUG\TFASTCOMBINER.OBJ
C:\USERS\MARCEL\GIT\RHOFRAMEWORK\PROJECT\RHOTOOLS\DEBUG\TFINDOMITTEDPARTICLE.OBJ
C:\USERS\MARCEL\GIT\RHOFRAMEWORK\PROJECT\RHOTOOLS\DEBUG\TFOXWOLFMOM.OBJ
C:\USERS\MARCEL\GIT\RHOFRAMEWORK\PROJECT\RHOTOOLS\DEBUG\TFWMOMENTS.OBJ
C:\USERS\MARCEL\GIT\RHOFRAMEWORK\PROJECT\RHOTOOLS\DEBUG\TLGNDRMOMFLOW.OBJ
C:\USERS\MARCEL\GIT\RHOFRAMEWORK\PROJECT\RHOTOOLS\DEBUG\TMOMTENSOR.OBJ
C:\USERS\MARCEL\GIT\RHOFRAMEWORK\PROJECT\RHOTOOLS\DEBUG\TOPADD4.OBJ
C:\USERS\MARCEL\GIT\RHOFRAMEWORK\PROJECT\RHOTOOLS\DEBUG\TOPCLONE.OBJ
C:\USERS\MARCEL\GIT\RHOFRAMEWORK\PROJECT\RHOTOOLS\DEBUG\TOPERATOR.OBJ
C:\USERS\MARCEL\GIT\RHOFRAMEWORK\PROJECT\RHOTOOLS\DEBUG\TOPERATORBASE.OBJ
C:\USERS\MARCEL\GIT\RHOFRAMEWORK\PROJECT\RHOTOOLS\DEBUG\TOPMAKETREE.OBJ
C:\USERS\MARCEL\GIT\RHOFRAMEWORK\PROJECT\RHOTOOLS\DEBUG\TPRINTTREE.OBJ
C:\USERS\MARCEL\GIT\RHOFRAMEWORK\PROJECT\RHOTOOLS\DEBUG\TREADTREE.OBJ
C:\USERS\MARCEL\GIT\RHOFRAMEWORK\PROJECT\RHOTOOLS\DEBUG\TSPHERICITY.OBJ
C:\USERS\MARCEL\GIT\RHOFRAMEWORK\PROJECT\RHOTOOLS\DEBUG\TTHRUST.OBJ
C:\USERS\MARCEL\GIT\RHOFRAMEWORK\PROJECT\RHOTOOLS\DEBUG\TTHRUSTVECTOR.OBJ
C:\USERS\MARCEL\GIT\RHOFRAMEWORK\PROJECT\RHOTOOLS\DEBUG\TTOTALMOMENTUM.OBJ
C:\USERS\MARCEL\GIT\RHOFRAMEWORK\PROJECT\RHOTOOLS\DEBUG\TTREENAVIGATOR.OBJ
C:\USERS\MARCEL\GIT\RHOFRAMEWORK\PROJECT\RHOTOOLS\DEBUG\TUNARYOPERATOR.OBJ
C:\USERS\MARCEL\GIT\RHOFRAMEWORK\PROJECT\RHOTOOLS\DEBUG\VABSFITTER.OBJ
C:\Users\Marcel\git\rhoframework\Project\RhoTools\Debug\vc100.idb
C:\USERS\MARCEL\GIT\RHOFRAMEWORK\PROJECT\RHOTOOLS\DEBUG\VC100.PDB
